<?xml version="1.0" encoding="UTF-8"?>
<!-- Generated by org.testng.reporters.JUnitXMLReporter -->
<testsuite ignored="1" hostname="Balaji" failures="0" tests="4" name="Default test" time="86.931" errors="0" timestamp="2022-03-31T14:18:11 IST">
  <testcase classname="com.paynet.test.LoginTest" name="invalidCredentialTest" time="34.992"/>
  <testcase classname="com.paynet.test.LoginTest" name="invalidCredentialTest" time="3.378"/>
  <testcase classname="com.paynet.test.LoginTest" name="invalidCredentialTest" time="3.32"/>
  <testcase classname="com.paynet.test.LoginTest" name="invalidCredentialTest" time="3.352"/>
  <testcase classname="com.paynet.test.LoginTest" name="validCredentialTest" time="0.0">
    <ignored/>
  </testcase> <!-- validCredentialTest -->
</testsuite> <!-- Default test -->
