<?xml version="1.0" encoding="UTF-8"?>
<!-- Generated by org.testng.reporters.JUnitXMLReporter -->
<testsuite ignored="0" hostname="Balaji" failures="0" tests="3" name="Default test" time="75.105" errors="0" timestamp="2022-03-31T07:01:39 IST">
  <testcase classname="com.paynet.test.DemoTest" name="validTest" time="8.128"/>
  <testcase classname="com.paynet.test.DemoTest" name="validTest" time="6.331"/>
  <testcase classname="com.paynet.test.DemoTest" name="validTest" time="4.792"/>
</testsuite> <!-- Default test -->
