<?xml version="1.0" encoding="UTF-8"?>
<testng-results ignored="0" total="1" passed="1" failed="0" skipped="0">
  <reporter-output>
  </reporter-output>
  <suite started-at="2022-03-31T09:48:53 IST" name="Default suite" finished-at="2022-03-31T09:49:21 IST" duration-ms="28026">
    <groups>
    </groups>
    <test started-at="2022-03-31T09:48:53 IST" name="Default test" finished-at="2022-03-31T09:49:21 IST" duration-ms="28026">
      <class name="com.paynet.test.LoginUITest">
        <test-method is-config="true" signature="setup()[pri:0, instance:com.paynet.test.LoginUITest@71a8adcf]" started-at="2022-03-31T09:48:53 IST" name="setup" finished-at="2022-03-31T09:49:20 IST" duration-ms="27397" status="PASS">
          <reporter-output>
          </reporter-output>
        </test-method> <!-- setup -->
        <test-method signature="validateTitleTest()[pri:0, instance:com.paynet.test.LoginUITest@71a8adcf]" started-at="2022-03-31T09:49:20 IST" name="validateTitleTest" finished-at="2022-03-31T09:49:20 IST" duration-ms="42" status="PASS">
          <reporter-output>
          </reporter-output>
        </test-method> <!-- validateTitleTest -->
        <test-method is-config="true" signature="teardown()[pri:0, instance:com.paynet.test.LoginUITest@71a8adcf]" started-at="2022-03-31T09:49:20 IST" name="teardown" finished-at="2022-03-31T09:49:21 IST" duration-ms="538" status="PASS">
          <reporter-output>
          </reporter-output>
        </test-method> <!-- teardown -->
      </class> <!-- com.paynet.test.LoginUITest -->
    </test> <!-- Default test -->
  </suite> <!-- Default suite -->
</testng-results>
